<?xml version="1.0" encoding="utf-8"?><testsuites name="pytest tests"><testsuite name="pytest" errors="0" failures="0" skipped="0" tests="63" time="3.220" timestamp="2026-09-03T11:34:53.300408+09:00" hostname="affctiv"><testcase classname="tests.test_coherent_slicing" name="test_evar_endpoints" time="0.003" /><testcase classname="tests.test_coherent_slicing" name="test_evar_scale_equivariance" time="0.005" /><testcase classname="tests.test_coherent_slicing" name="test_cvar_fractional_boundary_matches_linear_program[0]" time="0.005" /><testcase classname="tests.test_coherent_slicing" name="test_cvar_fractional_boundary_matches_linear_program[1]" time="0.003" /><testcase classname="tests.test_coherent_slicing" name="test_cvar_fractional_boundary_matches_linear_program[2]" time="0.003" /><testcase classname="tests.test_coherent_slicing" name="test_cvar_fractional_boundary_matches_linear_program[3]" time="0.002" /><testcase classname="tests.test_coherent_slicing" name="test_cvar_fractional_boundary_matches_linear_program[4]" time="0.002" /><testcase classname="tests.test_coherent_slicing" name="test_cvar_fractional_boundary_matches_linear_program[5]" time="0.003" /><testcase classname="tests.test_coherent_slicing" name="test_cvar_fractional_boundary_matches_linear_program[6]" time="0.002" /><testcase classname="tests.test_coherent_slicing" name="test_cvar_fractional_boundary_matches_linear_program[7]" time="0.002" /><testcase classname="tests.test_coherent_slicing" name="test_evar_danskin_gradient_matches_finite_difference" time="0.411" /><testcase classname="tests.test_coherent_slicing" name="test_exact_p1_gamma1_ebsw_counterexample_in_r2" time="0.035" /><testcase classname="tests.test_coherent_slicing" name="test_pure_power_perturbation_triple_four_regime_signs" time="0.022" /><testcase classname="tests.test_coherent_slicing" name="test_common_direction_metric_audit[evar-0.7]" time="0.085"><properties><property name="worst_triangle_slack" value="-0.5547916545779029" /></properties></testcase><testcase classname="tests.test_coherent_slicing" name="test_common_direction_metric_audit[cvar-0.23]" time="0.016"><properties><property name="worst_triangle_slack" value="-0.5876510577683747" /></properties></testcase><testcase classname="tests.test_coherent_slicing" name="test_independent_direction_control_records_without_theorem_claim" time="0.120"><properties><property name="independent_direction_min_slack" value="-1.3038694929639547" /><property name="independent_direction_max_slack" value="-0.008118652232528278" /></properties></testcase><testcase classname="tests.test_coherent_slicing" name="test_all_methods_are_finite_with_finite_gradients[values0]" time="0.003" /><testcase classname="tests.test_coherent_slicing" name="test_all_methods_are_finite_with_finite_gradients[values1]" time="0.003" /><testcase classname="tests.test_coherent_slicing" name="test_all_methods_are_finite_with_finite_gradients[values2]" time="0.004" /><testcase classname="tests.test_coherent_slicing" name="test_all_methods_are_finite_with_finite_gradients[values3]" time="0.004" /><testcase classname="tests.test_coherent_slicing" name="test_entropic_beta_zero_limit" time="0.001" /><testcase classname="tests.test_logspectral" name="test_sigma_zero_is_exact_uniform_mean" time="0.001" /><testcase classname="tests.test_logspectral" name="test_weight_shape_monotonicity_and_mass[0.0-1]" time="0.001" /><testcase classname="tests.test_logspectral" name="test_weight_shape_monotonicity_and_mass[0.0-2]" time="0.001" /><testcase classname="tests.test_logspectral" name="test_weight_shape_monotonicity_and_mass[0.0-40]" time="0.001" /><testcase classname="tests.test_logspectral" name="test_weight_shape_monotonicity_and_mass[0.0-500]" time="0.001" /><testcase classname="tests.test_logspectral" name="test_weight_shape_monotonicity_and_mass[0.0-2000]" time="0.001" /><testcase classname="tests.test_logspectral" name="test_weight_shape_monotonicity_and_mass[0.5-1]" time="0.001" /><testcase classname="tests.test_logspectral" name="test_weight_shape_monotonicity_and_mass[0.5-2]" time="0.001" /><testcase classname="tests.test_logspectral" name="test_weight_shape_monotonicity_and_mass[0.5-40]" time="0.001" /><testcase classname="tests.test_logspectral" name="test_weight_shape_monotonicity_and_mass[0.5-500]" time="0.001" /><testcase classname="tests.test_logspectral" name="test_weight_shape_monotonicity_and_mass[0.5-2000]" time="0.001" /><testcase classname="tests.test_logspectral" name="test_weight_shape_monotonicity_and_mass[1.0-1]" time="0.001" /><testcase classname="tests.test_logspectral" name="test_weight_shape_monotonicity_and_mass[1.0-2]" time="0.001" /><testcase classname="tests.test_logspectral" name="test_weight_shape_monotonicity_and_mass[1.0-40]" time="0.001" /><testcase classname="tests.test_logspectral" name="test_weight_shape_monotonicity_and_mass[1.0-500]" time="0.001" /><testcase classname="tests.test_logspectral" name="test_weight_shape_monotonicity_and_mass[1.0-2000]" time="0.001" /><testcase classname="tests.test_logspectral" name="test_weight_shape_monotonicity_and_mass[1.25-1]" time="0.001" /><testcase classname="tests.test_logspectral" name="test_weight_shape_monotonicity_and_mass[1.25-2]" time="0.001" /><testcase classname="tests.test_logspectral" name="test_weight_shape_monotonicity_and_mass[1.25-40]" time="0.001" /><testcase classname="tests.test_logspectral" name="test_weight_shape_monotonicity_and_mass[1.25-500]" time="0.001" /><testcase classname="tests.test_logspectral" name="test_weight_shape_monotonicity_and_mass[1.25-2000]" time="0.001" /><testcase classname="tests.test_logspectral" name="test_weight_shape_monotonicity_and_mass[1.5-1]" time="0.001" /><testcase classname="tests.test_logspectral" name="test_weight_shape_monotonicity_and_mass[1.5-2]" time="0.001" /><testcase classname="tests.test_logspectral" name="test_weight_shape_monotonicity_and_mass[1.5-40]" time="0.001" /><testcase classname="tests.test_logspectral" name="test_weight_shape_monotonicity_and_mass[1.5-500]" time="0.001" /><testcase classname="tests.test_logspectral" name="test_weight_shape_monotonicity_and_mass[1.5-2000]" time="0.001" /><testcase classname="tests.test_logspectral" name="test_closed_form_weights_match_high_accuracy_quadrature" time="0.042" /><testcase classname="tests.test_logspectral" name="test_permutation_invariance" time="0.001" /><testcase classname="tests.test_logspectral" name="test_positive_homogeneity[0.01]" time="0.001" /><testcase classname="tests.test_logspectral" name="test_positive_homogeneity[0.25]" time="0.001" /><testcase classname="tests.test_logspectral" name="test_positive_homogeneity[2.0]" time="0.001" /><testcase classname="tests.test_logspectral" name="test_positive_homogeneity[17.0]" time="0.001" /><testcase classname="tests.test_logspectral" name="test_common_direction_triangle_explicit_and_random_fields" time="0.030" /><testcase classname="tests.test_logspectral" name="test_gradient_is_rank_assigned_weight_away_from_ties" time="0.001" /><testcase classname="tests.test_logspectral" name="test_tie_is_finite_valid_deterministic_subgradient" time="0.001" /><testcase classname="tests.test_logspectral" name="test_sigma_zero_reproduces_existing_normalized_spdhsw_loss" time="0.002" /><testcase classname="tests.test_logspectral" name="test_two_stage_projection_matches_materialized_normalized_direction" time="0.001" /><testcase classname="tests.test_logspectral" name="test_assigned_weights_are_scale_invariant[0.125]" time="0.001" /><testcase classname="tests.test_logspectral" name="test_assigned_weights_are_scale_invariant[3.0]" time="0.001" /><testcase classname="tests.test_logspectral" name="test_assigned_weights_are_scale_invariant[100.0]" time="0.001" /><testcase classname="tests.test_logspectral" name="test_registered_maximum_is_finite_at_L2000" time="0.001" /><testcase classname="tests.test_logspectral" name="test_registered_maximum_weights_on_physical_gpu3" time="0.197" /></testsuite></testsuites>